Using pre-set license
Built from '2021.3/staging' branch; Version is '2021.3.4f1 (cb45f9cae8b7) revision 13321721'; Using compiler version '192829333'; Build Type 'Release'
OS: 'Windows 11  (10.0.22000) 64bit Core' Language: 'en' Physical Memory: 32691 MB
BatchMode: 1, IsHumanControllingUs: 0, StartBugReporterOnCrash: 0, Is64bit: 1, IsPro: 1

COMMAND LINE ARGUMENTS:
C:\Program Files\Unity\Hub\Editor\2021.3.4f1\Editor\Unity.exe
-adb2
-batchMode
-noUpm
-name
AssetImportWorker2
-projectPath
C:/Users/Simeon/Documents/GitHub/TAFE/Card-Game
-logFile
Logs/AssetImportWorker2.log
-srvPort
56251
Successfully changed project path to: C:/Users/Simeon/Documents/GitHub/TAFE/Card-Game
C:/Users/Simeon/Documents/GitHub/TAFE/Card-Game
[UnityMemory] Configuration Parameters - Can be set up in boot.config
    "memorysetup-bucket-allocator-granularity=16"
    "memorysetup-bucket-allocator-bucket-count=8"
    "memorysetup-bucket-allocator-block-size=33554432"
    "memorysetup-bucket-allocator-block-count=8"
    "memorysetup-main-allocator-block-size=16777216"
    "memorysetup-thread-allocator-block-size=16777216"
    "memorysetup-gfx-main-allocator-block-size=16777216"
    "memorysetup-gfx-thread-allocator-block-size=16777216"
    "memorysetup-cache-allocator-block-size=4194304"
    "memorysetup-typetree-allocator-block-size=2097152"
    "memorysetup-profiler-bucket-allocator-granularity=16"
    "memorysetup-profiler-bucket-allocator-bucket-count=8"
    "memorysetup-profiler-bucket-allocator-block-size=33554432"
    "memorysetup-profiler-bucket-allocator-block-count=8"
    "memorysetup-profiler-allocator-block-size=16777216"
    "memorysetup-profiler-editor-allocator-block-size=1048576"
    "memorysetup-temp-allocator-size-main=16777216"
    "memorysetup-job-temp-allocator-block-size=2097152"
    "memorysetup-job-temp-allocator-block-size-background=1048576"
    "memorysetup-job-temp-allocator-reduction-small-platforms=262144"
    "memorysetup-temp-allocator-size-background-worker=32768"
    "memorysetup-temp-allocator-size-job-worker=262144"
    "memorysetup-temp-allocator-size-preload-manager=33554432"
    "memorysetup-temp-allocator-size-nav-mesh-worker=65536"
    "memorysetup-temp-allocator-size-audio-worker=65536"
    "memorysetup-temp-allocator-size-cloud-worker=32768"
    "memorysetup-temp-allocator-size-gi-baking-worker=262144"
    "memorysetup-temp-allocator-size-gfx=262144"
Refreshing native plugins compatible for Editor in 101.85 ms, found 4 plugins.
Preloading 0 native plugins for Editor in 0.00 ms.
Initialize engine version: 2021.3.4f1 (cb45f9cae8b7)
[Subsystems] Discovering subsystems at path C:/Program Files/Unity/Hub/Editor/2021.3.4f1/Editor/Data/Resources/UnitySubsystems
[Subsystems] Discovering subsystems at path C:/Users/Simeon/Documents/GitHub/TAFE/Card-Game/Assets
GfxDevice: creating device client; threaded=0; jobified=0
Direct3D:
    Version:  Direct3D 11.0 [level 11.1]
    Renderer: NVIDIA GeForce RTX 2060 (ID=0x1e89)
    Vendor:   NVIDIA
    VRAM:     5967 MB
    Driver:   30.0.14.7111
Initialize mono
Mono path[0] = 'C:/Program Files/Unity/Hub/Editor/2021.3.4f1/Editor/Data/Managed'
Mono path[1] = 'C:/Program Files/Unity/Hub/Editor/2021.3.4f1/Editor/Data/MonoBleedingEdge/lib/mono/unityjit-win32'
Mono config path = 'C:/Program Files/Unity/Hub/Editor/2021.3.4f1/Editor/Data/MonoBleedingEdge/etc'
Using monoOptions --debugger-agent=transport=dt_socket,embedding=1,server=y,suspend=n,address=127.0.0.1:56656
Begin MonoManager ReloadAssembly
Registering precompiled unity dll's ...
Register platform support module: C:/Program Files/Unity/Hub/Editor/2021.3.4f1/Editor/Data/PlaybackEngines/iOSSupport/UnityEditor.iOS.Extensions.dll
Register platform support module: C:/Program Files/Unity/Hub/Editor/2021.3.4f1/Editor/Data/PlaybackEngines/WindowsStandaloneSupport/UnityEditor.WindowsStandalone.Extensions.dll
Registered in 0.007269 seconds.
Native extension for WindowsStandalone target not found
[usbmuxd] Start listen thread
[usbmuxd] Listen thread started
[usbmuxd] Send listen message
Native extension for iOS target not found
Refreshing native plugins compatible for Editor in 102.49 ms, found 4 plugins.
Preloading 0 native plugins for Editor in 0.00 ms.
Mono: successfully reloaded assembly
- Completed reload, in  0.693 seconds
Domain Reload Profiling:
	ReloadAssembly (693ms)
		BeginReloadAssembly (77ms)
			ExecutionOrderSort (0ms)
			DisableScriptedObjects (0ms)
			BackupInstance (0ms)
			ReleaseScriptingObjects (0ms)
			CreateAndSetChildDomain (1ms)
		EndReloadAssembly (501ms)
			LoadAssemblies (75ms)
			RebuildTransferFunctionScriptingTraits (0ms)
			SetupTypeCache (109ms)
			ReleaseScriptCaches (0ms)
			RebuildScriptCaches (31ms)
			SetupLoadedEditorAssemblies (308ms)
				LogAssemblyErrors (0ms)
				InitializePlatformSupportModulesInManaged (22ms)
				SetLoadedEditorAssemblies (0ms)
				RefreshPlugins (103ms)
				BeforeProcessingInitializeOnLoad (1ms)
				ProcessInitializeOnLoadAttributes (138ms)
				ProcessInitializeOnLoadMethodAttributes (45ms)
				AfterProcessingInitializeOnLoad (0ms)
				EditorAssembliesLoaded (0ms)
			ExecutionOrderSort2 (0ms)
			AwakeInstancesAfterBackupRestoration (0ms)
Platform modules already initialized, skipping
Registering precompiled user dll's ...
Registered in 0.008717 seconds.
Begin MonoManager ReloadAssembly
Symbol file LoadedFromMemory doesn't match image C:\Users\Simeon\Documents\GitHub\TAFE\Card-Game\Library\PackageCache\com.unity.visualscripting@1.7.8\Editor\VisualScripting.Core\Dependencies\YamlDotNet\Unity.VisualScripting.YamlDotNet.dll
Symbol file LoadedFromMemory doesn't match image C:\Users\Simeon\Documents\GitHub\TAFE\Card-Game\Library\PackageCache\com.unity.visualscripting@1.7.8\Editor\VisualScripting.Core\Dependencies\DotNetZip\Unity.VisualScripting.IonicZip.dll
Native extension for WindowsStandalone target not found
Native extension for iOS target not found
Refreshing native plugins compatible for Editor in 105.43 ms, found 4 plugins.
Preloading 0 native plugins for Editor in 0.00 ms.
Mono: successfully reloaded assembly
- Completed reload, in  1.190 seconds
Domain Reload Profiling:
	ReloadAssembly (1190ms)
		BeginReloadAssembly (112ms)
			ExecutionOrderSort (0ms)
			DisableScriptedObjects (6ms)
			BackupInstance (0ms)
			ReleaseScriptingObjects (0ms)
			CreateAndSetChildDomain (23ms)
		EndReloadAssembly (965ms)
			LoadAssemblies (84ms)
			RebuildTransferFunctionScriptingTraits (0ms)
			SetupTypeCache (219ms)
			ReleaseScriptCaches (1ms)
			RebuildScriptCaches (61ms)
			SetupLoadedEditorAssemblies (553ms)
				LogAssemblyErrors (0ms)
				InitializePlatformSupportModulesInManaged (18ms)
				SetLoadedEditorAssemblies (0ms)
				RefreshPlugins (106ms)
				BeforeProcessingInitializeOnLoad (125ms)
				ProcessInitializeOnLoadAttributes (257ms)
				ProcessInitializeOnLoadMethodAttributes (39ms)
				AfterProcessingInitializeOnLoad (8ms)
				EditorAssembliesLoaded (0ms)
			ExecutionOrderSort2 (0ms)
			AwakeInstancesAfterBackupRestoration (5ms)
Platform modules already initialized, skipping
========================================================================
Worker process is ready to serve import requests
Launched and connected shader compiler UnityShaderCompiler.exe after 0.04 seconds
Refreshing native plugins compatible for Editor in 0.76 ms, found 4 plugins.
Preloading 0 native plugins for Editor in 0.00 ms.
Unloading 4084 Unused Serialized files (Serialized files now loaded: 0)
Unloading 38 unused Assets / (55.7 KB). Loaded Objects now: 4539.
Memory consumption went from 151.5 MB to 151.4 MB.
Total: 3.207900 ms (FindLiveObjects: 0.339800 ms CreateObjectMapping: 0.108900 ms MarkObjects: 2.685300 ms  DeleteObjects: 0.072900 ms)

AssetImportParameters requested are different than current active one (requested -> active):
  custom:video-decoder-ogg-theora: a1e56fd34408186e4bbccfd4996cb3dc -> 
  custom:container-muxer-webm: aa71ff27fc2769a1b78a27578f13a17b -> 
  custom:container-demuxer-webm: 4f35f7cbe854078d1ac9338744f61a02 -> 
  custom:video-encoder-webm-vp8: eb34c28f22e8b96e1ab97ce403110664 -> 
  custom:audio-encoder-webm-vorbis: bf7c407c2cedff20999df2af8eb42d56 -> 
  custom:framework-win-MediaFoundation: 216162199b28c13a410421893ffa2e32 -> 
  custom:container-demuxer-ogg: 62fdf1f143b41e24485cea50d1cbac27 -> 
  custom:video-decoder-webm-vp8: 9c59270c3fd7afecdb556c50c9e8de78 -> 
  custom:audio-decoder-ogg-vorbis: bf7c407c2cedff20999df2af8eb42d56 -> 
========================================================================
Received Prepare
Registering precompiled user dll's ...
Registered in 0.008982 seconds.
Begin MonoManager ReloadAssembly
Symbol file LoadedFromMemory doesn't match image C:\Users\Simeon\Documents\GitHub\TAFE\Card-Game\Library\PackageCache\com.unity.visualscripting@1.7.8\Editor\VisualScripting.Core\Dependencies\YamlDotNet\Unity.VisualScripting.YamlDotNet.dll
Symbol file LoadedFromMemory doesn't match image C:\Users\Simeon\Documents\GitHub\TAFE\Card-Game\Library\PackageCache\com.unity.visualscripting@1.7.8\Editor\VisualScripting.Core\Dependencies\DotNetZip\Unity.VisualScripting.IonicZip.dll
Native extension for WindowsStandalone target not found
Native extension for iOS target not found
Refreshing native plugins compatible for Editor in 0.93 ms, found 4 plugins.
Preloading 0 native plugins for Editor in 0.00 ms.
Mono: successfully reloaded assembly
- Completed reload, in  1.003 seconds
Domain Reload Profiling:
	ReloadAssembly (1003ms)
		BeginReloadAssembly (134ms)
			ExecutionOrderSort (0ms)
			DisableScriptedObjects (6ms)
			BackupInstance (0ms)
			ReleaseScriptingObjects (0ms)
			CreateAndSetChildDomain (44ms)
		EndReloadAssembly (764ms)
			LoadAssemblies (80ms)
			RebuildTransferFunctionScriptingTraits (0ms)
			SetupTypeCache (220ms)
			ReleaseScriptCaches (1ms)
			RebuildScriptCaches (50ms)
			SetupLoadedEditorAssemblies (360ms)
				LogAssemblyErrors (0ms)
				InitializePlatformSupportModulesInManaged (27ms)
				SetLoadedEditorAssemblies (0ms)
				RefreshPlugins (1ms)
				BeforeProcessingInitializeOnLoad (86ms)
				ProcessInitializeOnLoadAttributes (200ms)
				ProcessInitializeOnLoadMethodAttributes (36ms)
				AfterProcessingInitializeOnLoad (9ms)
				EditorAssembliesLoaded (0ms)
			ExecutionOrderSort2 (0ms)
			AwakeInstancesAfterBackupRestoration (7ms)
Platform modules already initialized, skipping
Refreshing native plugins compatible for Editor in 2.77 ms, found 4 plugins.
Preloading 0 native plugins for Editor in 0.00 ms.
Unloading 4073 Unused Serialized files (Serialized files now loaded: 0)
Unloading 25 unused Assets / (24.6 KB). Loaded Objects now: 4542.
Memory consumption went from 150.8 MB to 150.8 MB.
Total: 3.607200 ms (FindLiveObjects: 0.395300 ms CreateObjectMapping: 0.101200 ms MarkObjects: 3.079400 ms  DeleteObjects: 0.029700 ms)

AssetImportParameters requested are different than current active one (requested -> active):
  custom:video-decoder-ogg-theora: a1e56fd34408186e4bbccfd4996cb3dc -> 
  custom:container-muxer-webm: aa71ff27fc2769a1b78a27578f13a17b -> 
  custom:container-demuxer-webm: 4f35f7cbe854078d1ac9338744f61a02 -> 
  custom:video-encoder-webm-vp8: eb34c28f22e8b96e1ab97ce403110664 -> 
  custom:audio-encoder-webm-vorbis: bf7c407c2cedff20999df2af8eb42d56 -> 
  custom:framework-win-MediaFoundation: 216162199b28c13a410421893ffa2e32 -> 
  custom:container-demuxer-ogg: 62fdf1f143b41e24485cea50d1cbac27 -> 
  custom:video-decoder-webm-vp8: 9c59270c3fd7afecdb556c50c9e8de78 -> 
  custom:audio-decoder-ogg-vorbis: bf7c407c2cedff20999df2af8eb42d56 -> 
========================================================================
Received Import Request.
  Time since last request: 188604.364855 seconds.
  path: Assets/Card Game/Prefabs
  artifactKey: Guid(2db1b3ef8543e6749a14a25cb6c317ba) Importer(815301076,1909f56bfc062723c751e8b465ee728b)
Start importing Assets/Card Game/Prefabs using Guid(2db1b3ef8543e6749a14a25cb6c317ba) Importer(815301076,1909f56bfc062723c751e8b465ee728b)  -> (artifact id: '04255dada6f8fa207231cfdbeb7ce245') in 0.012870 seconds 
========================================================================
Received Import Request.
  Time since last request: 4.304415 seconds.
  path: Assets/Card Game/Prefabs/Green.prefab
  artifactKey: Guid(8daab258e0dc8b04492f91a8f94bbc18) Importer(815301076,1909f56bfc062723c751e8b465ee728b)
Start importing Assets/Card Game/Prefabs/Green.prefab using Guid(8daab258e0dc8b04492f91a8f94bbc18) Importer(815301076,1909f56bfc062723c751e8b465ee728b)  -> (artifact id: 'd20c83f82d25b17c70becc831058c8b3') in 0.115571 seconds 
========================================================================
Received Import Request.
  Time since last request: 0.864895 seconds.
  path: Assets/Card Game/Prefabs/Green 1.prefab
  artifactKey: Guid(3cc0f3d0f35dfdf42be15b0959cc86cc) Importer(815301076,1909f56bfc062723c751e8b465ee728b)
Start importing Assets/Card Game/Prefabs/Green 1.prefab using Guid(3cc0f3d0f35dfdf42be15b0959cc86cc) Importer(815301076,1909f56bfc062723c751e8b465ee728b)  -> (artifact id: '277669cd38d9c3054558a47349ece27a') in 0.013464 seconds 
========================================================================
Received Import Request.
  Time since last request: 0.217344 seconds.
  path: Assets/Card Game/Prefabs/Green 2.prefab
  artifactKey: Guid(657a0d3e28e812e4cbb76f5aff63056a) Importer(815301076,1909f56bfc062723c751e8b465ee728b)
Start importing Assets/Card Game/Prefabs/Green 2.prefab using Guid(657a0d3e28e812e4cbb76f5aff63056a) Importer(815301076,1909f56bfc062723c751e8b465ee728b)  -> (artifact id: '575d25548bd74f9483096de601279a8a') in 0.012716 seconds 
========================================================================
Received Import Request.
  Time since last request: 2.795984 seconds.
  path: Assets/Card Game/Prefabs/Black.prefab
  artifactKey: Guid(3cc0f3d0f35dfdf42be15b0959cc86cc) Importer(815301076,1909f56bfc062723c751e8b465ee728b)
Start importing Assets/Card Game/Prefabs/Black.prefab using Guid(3cc0f3d0f35dfdf42be15b0959cc86cc) Importer(815301076,1909f56bfc062723c751e8b465ee728b)  -> (artifact id: '47a31cd192dc59926faabe7ff649f389') in 0.012527 seconds 
========================================================================
Received Import Request.
  Time since last request: 2.085862 seconds.
  path: Assets/Card Game/Prefabs/White.prefab
  artifactKey: Guid(657a0d3e28e812e4cbb76f5aff63056a) Importer(815301076,1909f56bfc062723c751e8b465ee728b)
Start importing Assets/Card Game/Prefabs/White.prefab using Guid(657a0d3e28e812e4cbb76f5aff63056a) Importer(815301076,1909f56bfc062723c751e8b465ee728b)  -> (artifact id: '6524cf10f932efb8ad8f7c57faf58199') in 0.012165 seconds 
========================================================================
Received Import Request.
  Time since last request: 5.108327 seconds.
  path: Assets/Card Game/Prefabs/Red.prefab
  artifactKey: Guid(8daab258e0dc8b04492f91a8f94bbc18) Importer(815301076,1909f56bfc062723c751e8b465ee728b)
Start importing Assets/Card Game/Prefabs/Red.prefab using Guid(8daab258e0dc8b04492f91a8f94bbc18) Importer(815301076,1909f56bfc062723c751e8b465ee728b)  -> (artifact id: 'b80bfbc820e8cdba58ab038336e7caa0') in 0.012203 seconds 
========================================================================
Received Import Request.
  Time since last request: 29.168749 seconds.
  path: Assets/Card Game/Art
  artifactKey: Guid(9e8168c0e1e8c0748b160d803599fcd9) Importer(815301076,1909f56bfc062723c751e8b465ee728b)
Start importing Assets/Card Game/Art using Guid(9e8168c0e1e8c0748b160d803599fcd9) Importer(815301076,1909f56bfc062723c751e8b465ee728b)  -> (artifact id: '7303142064efc603ffba613c1119cb01') in 0.007295 seconds 
========================================================================
Received Import Request.
  Time since last request: 4.875748 seconds.
  path: Assets/Card Game/Art/Black.mat
  artifactKey: Guid(aa7f6453af54b7247a909c01d7d934d9) Importer(815301076,1909f56bfc062723c751e8b465ee728b)
Start importing Assets/Card Game/Art/Black.mat using Guid(aa7f6453af54b7247a909c01d7d934d9) Importer(815301076,1909f56bfc062723c751e8b465ee728b)  -> (artifact id: '94c9ee705b9fb19a4482ab48087574c9') in 0.111934 seconds 
========================================================================
Received Import Request.
  Time since last request: 1.279189 seconds.
  path: Assets/Card Game/Art/Black 1.mat
  artifactKey: Guid(cc4db267873490c41bfe3368def571d1) Importer(815301076,1909f56bfc062723c751e8b465ee728b)
Start importing Assets/Card Game/Art/Black 1.mat using Guid(cc4db267873490c41bfe3368def571d1) Importer(815301076,1909f56bfc062723c751e8b465ee728b)  -> (artifact id: 'fbe8852832b1854437d89f54b1f389ab') in 0.012902 seconds 
========================================================================
Received Import Request.
  Time since last request: 0.367003 seconds.
  path: Assets/Card Game/Art/Black 2.mat
  artifactKey: Guid(833684d8f702ab244a17e9c6c97555ce) Importer(815301076,1909f56bfc062723c751e8b465ee728b)
Start importing Assets/Card Game/Art/Black 2.mat using Guid(833684d8f702ab244a17e9c6c97555ce) Importer(815301076,1909f56bfc062723c751e8b465ee728b)  -> (artifact id: '53157a0482261b4cda03d2de1cf0202b') in 0.012530 seconds 
========================================================================
Received Import Request.
  Time since last request: 1.951332 seconds.
  path: Assets/Card Game/Art/White.mat
  artifactKey: Guid(833684d8f702ab244a17e9c6c97555ce) Importer(815301076,1909f56bfc062723c751e8b465ee728b)
Start importing Assets/Card Game/Art/White.mat using Guid(833684d8f702ab244a17e9c6c97555ce) Importer(815301076,1909f56bfc062723c751e8b465ee728b)  -> (artifact id: '075d1e443194188c1af114a930370677') in 0.012715 seconds 
========================================================================
Received Import Request.
  Time since last request: 2.184515 seconds.
  path: Assets/Card Game/Art/Red.mat
  artifactKey: Guid(cc4db267873490c41bfe3368def571d1) Importer(815301076,1909f56bfc062723c751e8b465ee728b)
Start importing Assets/Card Game/Art/Red.mat using Guid(cc4db267873490c41bfe3368def571d1) Importer(815301076,1909f56bfc062723c751e8b465ee728b)  -> (artifact id: '1c7a4e8476adec15094d5c10dcf6f485') in 0.013284 seconds 
========================================================================
Received Import Request.
  Time since last request: 62.062496 seconds.
  path: Assets/Card Game/Prefabs/Black.prefab
  artifactKey: Guid(3cc0f3d0f35dfdf42be15b0959cc86cc) Importer(815301076,1909f56bfc062723c751e8b465ee728b)
Start importing Assets/Card Game/Prefabs/Black.prefab using Guid(3cc0f3d0f35dfdf42be15b0959cc86cc) Importer(815301076,1909f56bfc062723c751e8b465ee728b)  -> (artifact id: '38f64b33eefadb81dd09631235a8c907') in 0.008498 seconds 
========================================================================
Received Import Request.
  Time since last request: 15.253368 seconds.
  path: Assets/Card Game/Prefabs/Red.prefab
  artifactKey: Guid(8daab258e0dc8b04492f91a8f94bbc18) Importer(815301076,1909f56bfc062723c751e8b465ee728b)
Start importing Assets/Card Game/Prefabs/Red.prefab using Guid(8daab258e0dc8b04492f91a8f94bbc18) Importer(815301076,1909f56bfc062723c751e8b465ee728b)  -> (artifact id: 'c1d72d9d3b4359cca9d29f5066367816') in 0.008650 seconds 
========================================================================
Received Import Request.
  Time since last request: 133.345138 seconds.
  path: Assets/Card Game/Art/PixelMap0.png
  artifactKey: Guid(5098350f5162ec948a58ab16afd55fa0) Importer(815301076,1909f56bfc062723c751e8b465ee728b)
Start importing Assets/Card Game/Art/PixelMap0.png using Guid(5098350f5162ec948a58ab16afd55fa0) Importer(815301076,1909f56bfc062723c751e8b465ee728b)  -> (artifact id: 'b31ea2ccd827f49ed1153a4e25a4a59f') in 0.057923 seconds 
========================================================================
Received Import Request.
  Time since last request: 27.960223 seconds.
  path: Assets/Card Game/Art/PixelMap0.png
  artifactKey: Guid(5098350f5162ec948a58ab16afd55fa0) Importer(815301076,1909f56bfc062723c751e8b465ee728b)
Start importing Assets/Card Game/Art/PixelMap0.png using Guid(5098350f5162ec948a58ab16afd55fa0) Importer(815301076,1909f56bfc062723c751e8b465ee728b)  -> (artifact id: '92107d6960206595259eb2bc747f7349') in 0.013691 seconds 
========================================================================
Received Import Request.
  Time since last request: 9.526421 seconds.
  path: Assets/Card Game/Art/PixelMap0.png
  artifactKey: Guid(5098350f5162ec948a58ab16afd55fa0) Importer(815301076,1909f56bfc062723c751e8b465ee728b)
Start importing Assets/Card Game/Art/PixelMap0.png using Guid(5098350f5162ec948a58ab16afd55fa0) Importer(815301076,1909f56bfc062723c751e8b465ee728b)  -> (artifact id: 'd348780c686dd8a22eaa6eba457abe59') in 0.013957 seconds 
========================================================================
Received Import Request.
  Time since last request: 10.842244 seconds.
  path: Assets/Card Game/Prefabs/White.prefab
  artifactKey: Guid(657a0d3e28e812e4cbb76f5aff63056a) Importer(815301076,1909f56bfc062723c751e8b465ee728b)
Start importing Assets/Card Game/Prefabs/White.prefab using Guid(657a0d3e28e812e4cbb76f5aff63056a) Importer(815301076,1909f56bfc062723c751e8b465ee728b)  -> (artifact id: 'bdb1a3f39df91a1b5bd8d46a5ed62035') in 0.012160 seconds 
========================================================================
Received Prepare
Registering precompiled user dll's ...
Registered in 0.010308 seconds.
Begin MonoManager ReloadAssembly
Symbol file LoadedFromMemory doesn't match image C:\Users\Simeon\Documents\GitHub\TAFE\Card-Game\Library\PackageCache\com.unity.visualscripting@1.7.8\Editor\VisualScripting.Core\Dependencies\YamlDotNet\Unity.VisualScripting.YamlDotNet.dll
Symbol file LoadedFromMemory doesn't match image C:\Users\Simeon\Documents\GitHub\TAFE\Card-Game\Library\PackageCache\com.unity.visualscripting@1.7.8\Editor\VisualScripting.Core\Dependencies\DotNetZip\Unity.VisualScripting.IonicZip.dll
Native extension for WindowsStandalone target not found
Native extension for iOS target not found
Refreshing native plugins compatible for Editor in 0.87 ms, found 4 plugins.
Preloading 0 native plugins for Editor in 0.00 ms.
Mono: successfully reloaded assembly
- Completed reload, in  1.132 seconds
Domain Reload Profiling:
	ReloadAssembly (1133ms)
		BeginReloadAssembly (137ms)
			ExecutionOrderSort (0ms)
			DisableScriptedObjects (8ms)
			BackupInstance (0ms)
			ReleaseScriptingObjects (0ms)
			CreateAndSetChildDomain (37ms)
		EndReloadAssembly (883ms)
			LoadAssemblies (93ms)
			RebuildTransferFunctionScriptingTraits (0ms)
			SetupTypeCache (238ms)
			ReleaseScriptCaches (2ms)
			RebuildScriptCaches (48ms)
			SetupLoadedEditorAssemblies (442ms)
				LogAssemblyErrors (0ms)
				InitializePlatformSupportModulesInManaged (33ms)
				SetLoadedEditorAssemblies (0ms)
				RefreshPlugins (1ms)
				BeforeProcessingInitializeOnLoad (109ms)
				ProcessInitializeOnLoadAttributes (242ms)
				ProcessInitializeOnLoadMethodAttributes (48ms)
				AfterProcessingInitializeOnLoad (9ms)
				EditorAssembliesLoaded (0ms)
			ExecutionOrderSort2 (0ms)
			AwakeInstancesAfterBackupRestoration (8ms)
Platform modules already initialized, skipping
Refreshing native plugins compatible for Editor in 3.30 ms, found 4 plugins.
Preloading 0 native plugins for Editor in 0.00 ms.
Unloading 4073 Unused Serialized files (Serialized files now loaded: 0)
Unloading 25 unused Assets / (24.6 KB). Loaded Objects now: 4589.
Memory consumption went from 155.5 MB to 155.5 MB.
Total: 3.708200 ms (FindLiveObjects: 0.416500 ms CreateObjectMapping: 0.116500 ms MarkObjects: 3.147900 ms  DeleteObjects: 0.025600 ms)

AssetImportParameters requested are different than current active one (requested -> active):
  custom:video-decoder-ogg-theora: a1e56fd34408186e4bbccfd4996cb3dc -> 
  custom:container-muxer-webm: aa71ff27fc2769a1b78a27578f13a17b -> 
  custom:container-demuxer-webm: 4f35f7cbe854078d1ac9338744f61a02 -> 
  custom:video-encoder-webm-vp8: eb34c28f22e8b96e1ab97ce403110664 -> 
  custom:audio-encoder-webm-vorbis: bf7c407c2cedff20999df2af8eb42d56 -> 
  custom:framework-win-MediaFoundation: 216162199b28c13a410421893ffa2e32 -> 
  custom:container-demuxer-ogg: 62fdf1f143b41e24485cea50d1cbac27 -> 
  custom:video-decoder-webm-vp8: 9c59270c3fd7afecdb556c50c9e8de78 -> 
  custom:audio-decoder-ogg-vorbis: bf7c407c2cedff20999df2af8eb42d56 -> 
========================================================================
Received Import Request.
  Time since last request: 277.825632 seconds.
  path: Assets/Card Game/Prefabs/Black.prefab
  artifactKey: Guid(3cc0f3d0f35dfdf42be15b0959cc86cc) Importer(815301076,1909f56bfc062723c751e8b465ee728b)
Start importing Assets/Card Game/Prefabs/Black.prefab using Guid(3cc0f3d0f35dfdf42be15b0959cc86cc) Importer(815301076,1909f56bfc062723c751e8b465ee728b)  -> (artifact id: '4c54566930cda05a20bb51ca4c5244fa') in 0.082149 seconds 
========================================================================
Received Import Request.
  Time since last request: 0.000029 seconds.
  path: Assets/Card Game/Prefabs/White.prefab
  artifactKey: Guid(657a0d3e28e812e4cbb76f5aff63056a) Importer(815301076,1909f56bfc062723c751e8b465ee728b)
Start importing Assets/Card Game/Prefabs/White.prefab using Guid(657a0d3e28e812e4cbb76f5aff63056a) Importer(815301076,1909f56bfc062723c751e8b465ee728b)  -> (artifact id: '0d9de4aeb1ec0f6499971306a8b4e176') in 0.013117 seconds 
========================================================================
Received Import Request.
  Time since last request: 245.006328 seconds.
  path: Assets/Card Game/Scripts/Editor/CreateFromPixelMap.cs
  artifactKey: Guid(cdffb65b3598ac64ebbf05a66da9e5a3) Importer(815301076,1909f56bfc062723c751e8b465ee728b)
Start importing Assets/Card Game/Scripts/Editor/CreateFromPixelMap.cs using Guid(cdffb65b3598ac64ebbf05a66da9e5a3) Importer(815301076,1909f56bfc062723c751e8b465ee728b)  -> (artifact id: '6364c65338273b4c9c7aad20f9d371d0') in 0.011771 seconds 
========================================================================
Received Import Request.
  Time since last request: 84.224193 seconds.
  path: Assets/Card Game/Scripts/Editor/CreateFromPixelMap.cs
  artifactKey: Guid(cdffb65b3598ac64ebbf05a66da9e5a3) Importer(815301076,1909f56bfc062723c751e8b465ee728b)
Start importing Assets/Card Game/Scripts/Editor/CreateFromPixelMap.cs using Guid(cdffb65b3598ac64ebbf05a66da9e5a3) Importer(815301076,1909f56bfc062723c751e8b465ee728b)  -> (artifact id: '563ff1c561a71942832953c57d9798d5') in 0.002682 seconds 
========================================================================
Received Prepare
Registering precompiled user dll's ...
Registered in 0.008620 seconds.
Begin MonoManager ReloadAssembly
Symbol file LoadedFromMemory doesn't match image C:\Users\Simeon\Documents\GitHub\TAFE\Card-Game\Library\PackageCache\com.unity.visualscripting@1.7.8\Editor\VisualScripting.Core\Dependencies\YamlDotNet\Unity.VisualScripting.YamlDotNet.dll
Symbol file LoadedFromMemory doesn't match image C:\Users\Simeon\Documents\GitHub\TAFE\Card-Game\Library\PackageCache\com.unity.visualscripting@1.7.8\Editor\VisualScripting.Core\Dependencies\DotNetZip\Unity.VisualScripting.IonicZip.dll
Native extension for WindowsStandalone target not found
Native extension for iOS target not found
Refreshing native plugins compatible for Editor in 0.86 ms, found 4 plugins.
Preloading 0 native plugins for Editor in 0.00 ms.
Mono: successfully reloaded assembly
- Completed reload, in  1.056 seconds
Domain Reload Profiling:
	ReloadAssembly (1057ms)
		BeginReloadAssembly (146ms)
			ExecutionOrderSort (0ms)
			DisableScriptedObjects (6ms)
			BackupInstance (0ms)
			ReleaseScriptingObjects (0ms)
			CreateAndSetChildDomain (44ms)
		EndReloadAssembly (802ms)
			LoadAssemblies (94ms)
			RebuildTransferFunctionScriptingTraits (0ms)
			SetupTypeCache (226ms)
			ReleaseScriptCaches (2ms)
			RebuildScriptCaches (54ms)
			SetupLoadedEditorAssemblies (381ms)
				LogAssemblyErrors (0ms)
				InitializePlatformSupportModulesInManaged (25ms)
				SetLoadedEditorAssemblies (1ms)
				RefreshPlugins (1ms)
				BeforeProcessingInitializeOnLoad (94ms)
				ProcessInitializeOnLoadAttributes (211ms)
				ProcessInitializeOnLoadMethodAttributes (40ms)
				AfterProcessingInitializeOnLoad (10ms)
				EditorAssembliesLoaded (0ms)
			ExecutionOrderSort2 (0ms)
			AwakeInstancesAfterBackupRestoration (9ms)
Platform modules already initialized, skipping
Refreshing native plugins compatible for Editor in 2.91 ms, found 4 plugins.
Preloading 0 native plugins for Editor in 0.00 ms.
Unloading 4074 Unused Serialized files (Serialized files now loaded: 0)
Unloading 25 unused Assets / (24.7 KB). Loaded Objects now: 4593.
Memory consumption went from 155.5 MB to 155.5 MB.
Total: 3.104100 ms (FindLiveObjects: 0.387600 ms CreateObjectMapping: 0.100200 ms MarkObjects: 2.599400 ms  DeleteObjects: 0.016000 ms)

AssetImportParameters requested are different than current active one (requested -> active):
  custom:video-decoder-ogg-theora: a1e56fd34408186e4bbccfd4996cb3dc -> 
  custom:container-muxer-webm: aa71ff27fc2769a1b78a27578f13a17b -> 
  custom:container-demuxer-webm: 4f35f7cbe854078d1ac9338744f61a02 -> 
  custom:video-encoder-webm-vp8: eb34c28f22e8b96e1ab97ce403110664 -> 
  custom:audio-encoder-webm-vorbis: bf7c407c2cedff20999df2af8eb42d56 -> 
  custom:framework-win-MediaFoundation: 216162199b28c13a410421893ffa2e32 -> 
  custom:container-demuxer-ogg: 62fdf1f143b41e24485cea50d1cbac27 -> 
  custom:video-decoder-webm-vp8: 9c59270c3fd7afecdb556c50c9e8de78 -> 
  custom:audio-decoder-ogg-vorbis: bf7c407c2cedff20999df2af8eb42d56 -> 
========================================================================
Received Import Request.
  Time since last request: 10.261150 seconds.
  path: Assets/Card Game/Scripts/PixelMap.cs
  artifactKey: Guid(5d425487f1c3395489823929584c55b9) Importer(815301076,1909f56bfc062723c751e8b465ee728b)
Start importing Assets/Card Game/Scripts/PixelMap.cs using Guid(5d425487f1c3395489823929584c55b9) Importer(815301076,1909f56bfc062723c751e8b465ee728b)  -> (artifact id: 'ca9239ff8d2fd69c5d459e39c162991e') in 0.012593 seconds 
========================================================================
Received Import Request.
  Time since last request: 435.615104 seconds.
  path: Assets/Card Game/Scripts/PixelMap.cs
  artifactKey: Guid(5d425487f1c3395489823929584c55b9) Importer(815301076,1909f56bfc062723c751e8b465ee728b)
Start importing Assets/Card Game/Scripts/PixelMap.cs using Guid(5d425487f1c3395489823929584c55b9) Importer(815301076,1909f56bfc062723c751e8b465ee728b)  -> (artifact id: '13e38de33190fe755c278f35ac865045') in 0.002380 seconds 
========================================================================
Received Prepare
Registering precompiled user dll's ...
Registered in 0.009361 seconds.
Begin MonoManager ReloadAssembly
Symbol file LoadedFromMemory doesn't match image C:\Users\Simeon\Documents\GitHub\TAFE\Card-Game\Library\PackageCache\com.unity.visualscripting@1.7.8\Editor\VisualScripting.Core\Dependencies\YamlDotNet\Unity.VisualScripting.YamlDotNet.dll
Symbol file LoadedFromMemory doesn't match image C:\Users\Simeon\Documents\GitHub\TAFE\Card-Game\Library\PackageCache\com.unity.visualscripting@1.7.8\Editor\VisualScripting.Core\Dependencies\DotNetZip\Unity.VisualScripting.IonicZip.dll
Native extension for WindowsStandalone target not found
Native extension for iOS target not found
Refreshing native plugins compatible for Editor in 1.04 ms, found 4 plugins.
Preloading 0 native plugins for Editor in 0.00 ms.
Mono: successfully reloaded assembly
- Completed reload, in  1.048 seconds
Domain Reload Profiling:
	ReloadAssembly (1049ms)
		BeginReloadAssembly (140ms)
			ExecutionOrderSort (0ms)
			DisableScriptedObjects (9ms)
			BackupInstance (0ms)
			ReleaseScriptingObjects (0ms)
			CreateAndSetChildDomain (39ms)
		EndReloadAssembly (796ms)
			LoadAssemblies (87ms)
			RebuildTransferFunctionScriptingTraits (0ms)
			SetupTypeCache (222ms)
			ReleaseScriptCaches (1ms)
			RebuildScriptCaches (49ms)
			SetupLoadedEditorAssemblies (384ms)
				LogAssemblyErrors (0ms)
				InitializePlatformSupportModulesInManaged (27ms)
				SetLoadedEditorAssemblies (0ms)
				RefreshPlugins (1ms)
				BeforeProcessingInitializeOnLoad (96ms)
				ProcessInitializeOnLoadAttributes (212ms)
				ProcessInitializeOnLoadMethodAttributes (39ms)
				AfterProcessingInitializeOnLoad (8ms)
				EditorAssembliesLoaded (0ms)
			ExecutionOrderSort2 (0ms)
			AwakeInstancesAfterBackupRestoration (7ms)
Platform modules already initialized, skipping
Refreshing native plugins compatible for Editor in 2.77 ms, found 4 plugins.
Preloading 0 native plugins for Editor in 0.00 ms.
Unloading 4074 Unused Serialized files (Serialized files now loaded: 0)
Unloading 25 unused Assets / (24.7 KB). Loaded Objects now: 4596.
Memory consumption went from 155.5 MB to 155.5 MB.
Total: 3.239100 ms (FindLiveObjects: 0.354900 ms CreateObjectMapping: 0.107500 ms MarkObjects: 2.752800 ms  DeleteObjects: 0.022900 ms)

AssetImportParameters requested are different than current active one (requested -> active):
  custom:video-decoder-ogg-theora: a1e56fd34408186e4bbccfd4996cb3dc -> 
  custom:container-muxer-webm: aa71ff27fc2769a1b78a27578f13a17b -> 
  custom:container-demuxer-webm: 4f35f7cbe854078d1ac9338744f61a02 -> 
  custom:video-encoder-webm-vp8: eb34c28f22e8b96e1ab97ce403110664 -> 
  custom:audio-encoder-webm-vorbis: bf7c407c2cedff20999df2af8eb42d56 -> 
  custom:framework-win-MediaFoundation: 216162199b28c13a410421893ffa2e32 -> 
  custom:container-demuxer-ogg: 62fdf1f143b41e24485cea50d1cbac27 -> 
  custom:video-decoder-webm-vp8: 9c59270c3fd7afecdb556c50c9e8de78 -> 
  custom:audio-decoder-ogg-vorbis: bf7c407c2cedff20999df2af8eb42d56 -> 
========================================================================
Received Prepare
Registering precompiled user dll's ...
Registered in 0.009474 seconds.
Begin MonoManager ReloadAssembly
Symbol file LoadedFromMemory doesn't match image C:\Users\Simeon\Documents\GitHub\TAFE\Card-Game\Library\PackageCache\com.unity.visualscripting@1.7.8\Editor\VisualScripting.Core\Dependencies\YamlDotNet\Unity.VisualScripting.YamlDotNet.dll
Symbol file LoadedFromMemory doesn't match image C:\Users\Simeon\Documents\GitHub\TAFE\Card-Game\Library\PackageCache\com.unity.visualscripting@1.7.8\Editor\VisualScripting.Core\Dependencies\DotNetZip\Unity.VisualScripting.IonicZip.dll
Native extension for WindowsStandalone target not found
Native extension for iOS target not found
Refreshing native plugins compatible for Editor in 0.88 ms, found 4 plugins.
Preloading 0 native plugins for Editor in 0.00 ms.
Mono: successfully reloaded assembly
- Completed reload, in  1.000 seconds
Domain Reload Profiling:
	ReloadAssembly (1000ms)
		BeginReloadAssembly (132ms)
			ExecutionOrderSort (0ms)
			DisableScriptedObjects (8ms)
			BackupInstance (0ms)
			ReleaseScriptingObjects (0ms)
			CreateAndSetChildDomain (39ms)
		EndReloadAssembly (775ms)
			LoadAssemblies (85ms)
			RebuildTransferFunctionScriptingTraits (0ms)
			SetupTypeCache (214ms)
			ReleaseScriptCaches (2ms)
			RebuildScriptCaches (48ms)
			SetupLoadedEditorAssemblies (374ms)
				LogAssemblyErrors (0ms)
				InitializePlatformSupportModulesInManaged (28ms)
				SetLoadedEditorAssemblies (1ms)
				RefreshPlugins (1ms)
				BeforeProcessingInitializeOnLoad (89ms)
				ProcessInitializeOnLoadAttributes (210ms)
				ProcessInitializeOnLoadMethodAttributes (37ms)
				AfterProcessingInitializeOnLoad (8ms)
				EditorAssembliesLoaded (0ms)
			ExecutionOrderSort2 (0ms)
			AwakeInstancesAfterBackupRestoration (8ms)
Platform modules already initialized, skipping
Refreshing native plugins compatible for Editor in 3.85 ms, found 4 plugins.
Preloading 0 native plugins for Editor in 0.00 ms.
Unloading 4074 Unused Serialized files (Serialized files now loaded: 0)
Unloading 25 unused Assets / (24.6 KB). Loaded Objects now: 4599.
Memory consumption went from 155.5 MB to 155.5 MB.
Total: 3.020000 ms (FindLiveObjects: 0.335000 ms CreateObjectMapping: 0.094500 ms MarkObjects: 2.573700 ms  DeleteObjects: 0.015800 ms)

AssetImportParameters requested are different than current active one (requested -> active):
  custom:video-decoder-ogg-theora: a1e56fd34408186e4bbccfd4996cb3dc -> 
  custom:container-muxer-webm: aa71ff27fc2769a1b78a27578f13a17b -> 
  custom:container-demuxer-webm: 4f35f7cbe854078d1ac9338744f61a02 -> 
  custom:video-encoder-webm-vp8: eb34c28f22e8b96e1ab97ce403110664 -> 
  custom:audio-encoder-webm-vorbis: bf7c407c2cedff20999df2af8eb42d56 -> 
  custom:framework-win-MediaFoundation: 216162199b28c13a410421893ffa2e32 -> 
  custom:container-demuxer-ogg: 62fdf1f143b41e24485cea50d1cbac27 -> 
  custom:video-decoder-webm-vp8: 9c59270c3fd7afecdb556c50c9e8de78 -> 
  custom:audio-decoder-ogg-vorbis: bf7c407c2cedff20999df2af8eb42d56 -> 
========================================================================
Received Import Request.
  Time since last request: 196.697754 seconds.
  path: Assets/Card Game/Art/Black.mat
  artifactKey: Guid(aa7f6453af54b7247a909c01d7d934d9) Importer(815301076,1909f56bfc062723c751e8b465ee728b)
Start importing Assets/Card Game/Art/Black.mat using Guid(aa7f6453af54b7247a909c01d7d934d9) Importer(815301076,1909f56bfc062723c751e8b465ee728b)  -> (artifact id: '14dd8efbdcd40aab1f384ef0adfcc7c6') in 0.084563 seconds 
========================================================================
Received Import Request.
  Time since last request: 0.000022 seconds.
  path: Assets/Card Game/Art/White.mat
  artifactKey: Guid(833684d8f702ab244a17e9c6c97555ce) Importer(815301076,1909f56bfc062723c751e8b465ee728b)
Start importing Assets/Card Game/Art/White.mat using Guid(833684d8f702ab244a17e9c6c97555ce) Importer(815301076,1909f56bfc062723c751e8b465ee728b)  -> (artifact id: '9e1380c3d1eb7729bbd3c2274a7378e3') in 0.014604 seconds 
========================================================================
Received Import Request.
  Time since last request: 652.522179 seconds.
  path: Assets/Card Game/Pixel Maps/PixelMapText.png
  artifactKey: Guid(5098350f5162ec948a58ab16afd55fa0) Importer(815301076,1909f56bfc062723c751e8b465ee728b)
Start importing Assets/Card Game/Pixel Maps/PixelMapText.png using Guid(5098350f5162ec948a58ab16afd55fa0) Importer(815301076,1909f56bfc062723c751e8b465ee728b)  -> (artifact id: 'f25bcdc7fb6ae9cda91d2162c4e509c8') in 0.030323 seconds 
========================================================================
Received Import Request.
  Time since last request: 1.998166 seconds.
  path: Assets/Card Game/Pixel Maps/PixelMapTest.png
  artifactKey: Guid(5098350f5162ec948a58ab16afd55fa0) Importer(815301076,1909f56bfc062723c751e8b465ee728b)
Start importing Assets/Card Game/Pixel Maps/PixelMapTest.png using Guid(5098350f5162ec948a58ab16afd55fa0) Importer(815301076,1909f56bfc062723c751e8b465ee728b)  -> (artifact id: 'e024b624593a58185f80b466d6a03035') in 0.014957 seconds 
========================================================================
Received Import Request.
  Time since last request: 75.434930 seconds.
  path: Assets/Card Game/Pixel Maps/PixelMap0.png
  artifactKey: Guid(eabaeb42a62e62848a56cc8c5805f96c) Importer(815301076,1909f56bfc062723c751e8b465ee728b)
Start importing Assets/Card Game/Pixel Maps/PixelMap0.png using Guid(eabaeb42a62e62848a56cc8c5805f96c) Importer(815301076,1909f56bfc062723c751e8b465ee728b)  -> (artifact id: '5ea6e5e587a392ba87d51df232626776') in 0.019071 seconds 
========================================================================
Received Import Request.
  Time since last request: 0.000030 seconds.
  path: Assets/Card Game/Pixel Maps/PixelMap3.png
  artifactKey: Guid(8d7764eaf3f844244ba2e6a705e7e04c) Importer(815301076,1909f56bfc062723c751e8b465ee728b)
Start importing Assets/Card Game/Pixel Maps/PixelMap3.png using Guid(8d7764eaf3f844244ba2e6a705e7e04c) Importer(815301076,1909f56bfc062723c751e8b465ee728b)  -> (artifact id: 'a325734fadf7843fb4eb8e4d02d902df') in 0.018486 seconds 
========================================================================
Received Import Request.
  Time since last request: 21.812418 seconds.
  path: Assets/Card Game/Pixel Maps/PixelMap1.png
  artifactKey: Guid(89a49218ff3899648b6371475ef2be88) Importer(815301076,1909f56bfc062723c751e8b465ee728b)
Start importing Assets/Card Game/Pixel Maps/PixelMap1.png using Guid(89a49218ff3899648b6371475ef2be88) Importer(815301076,1909f56bfc062723c751e8b465ee728b)  -> (artifact id: 'c063f6d91a6f0255738377e0e3537e66') in 0.011183 seconds 
========================================================================
Received Import Request.
  Time since last request: 0.021963 seconds.
  path: Assets/Card Game/Pixel Maps/PixelMap0.png
  artifactKey: Guid(eabaeb42a62e62848a56cc8c5805f96c) Importer(815301076,1909f56bfc062723c751e8b465ee728b)
Start importing Assets/Card Game/Pixel Maps/PixelMap0.png using Guid(eabaeb42a62e62848a56cc8c5805f96c) Importer(815301076,1909f56bfc062723c751e8b465ee728b)  -> (artifact id: '5b209e58ab79605094267f901226bf18') in 0.011962 seconds 
========================================================================
Received Import Request.
  Time since last request: 10.915160 seconds.
  path: Assets/Card Game/Pixel Maps/PixelMapTest.png
  artifactKey: Guid(5098350f5162ec948a58ab16afd55fa0) Importer(815301076,1909f56bfc062723c751e8b465ee728b)
Start importing Assets/Card Game/Pixel Maps/PixelMapTest.png using Guid(5098350f5162ec948a58ab16afd55fa0) Importer(815301076,1909f56bfc062723c751e8b465ee728b)  -> (artifact id: 'cd6626a39e90970a60d8701628715b0d') in 0.010552 seconds 
